[2018-03-10 13:46:09.994] [exthost1] [info] extension host started
[2018-03-10 13:46:10.035] [exthost1] [info] ExtensionService#_doActivateExtension vscode.emmet {"startup":true,"activationEvent":"*"}
[2018-03-10 13:46:10.035] [exthost1] [info] ExtensionService#loadCommonJSModule /usr/share/code/resources/app/extensions/emmet/out/extension
[2018-03-10 13:46:10.147] [exthost1] [info] ExtensionService#_doActivateExtension vscode.git {"startup":true,"activationEvent":"*"}
[2018-03-10 13:46:10.147] [exthost1] [info] ExtensionService#loadCommonJSModule /usr/share/code/resources/app/extensions/git/out/main
[2018-03-10 13:46:10.357] [exthost1] [info] ExtensionService#_doActivateExtension vscode.merge-conflict {"startup":true,"activationEvent":"*"}
[2018-03-10 13:46:10.357] [exthost1] [info] ExtensionService#loadCommonJSModule /usr/share/code/resources/app/extensions/merge-conflict/out/extension
[2018-03-10 13:46:10.385] [exthost1] [info] ExtensionService#_doActivateExtension alefragnani.project-manager {"startup":true,"activationEvent":"*"}
[2018-03-10 13:46:10.385] [exthost1] [info] ExtensionService#loadCommonJSModule /home/serii/.vscode/extensions/alefragnani.project-manager-0.24.1/out/src/extension
[2018-03-10 13:46:10.418] [exthost1] [info] ExtensionService#_doActivateExtension christian-kohler.path-intellisense {"startup":true,"activationEvent":"*"}
[2018-03-10 13:46:10.418] [exthost1] [info] ExtensionService#loadCommonJSModule /home/serii/.vscode/extensions/christian-kohler.path-intellisense-1.4.2/out/src/extension
[2018-03-10 13:46:10.437] [exthost1] [info] ExtensionService#_doActivateExtension esbenp.prettier-vscode {"startup":true,"activationEvent":"*"}
[2018-03-10 13:46:10.437] [exthost1] [info] ExtensionService#loadCommonJSModule /home/serii/.vscode/extensions/esbenp.prettier-vscode-1.2.2/out/src/extension
[2018-03-10 13:46:10.790] [exthost1] [info] ExtensionService#_doActivateExtension lucax88x.codeacejumper {"startup":true,"activationEvent":"*"}
[2018-03-10 13:46:10.790] [exthost1] [info] ExtensionService#loadCommonJSModule /home/serii/.vscode/extensions/lucax88x.codeacejumper-1.1.5/out/src/extension
[2018-03-10 13:46:10.920] [exthost1] [info] ExtensionService#_doActivateExtension michelemelluso.code-beautifier {"startup":true,"activationEvent":"*"}
[2018-03-10 13:46:10.920] [exthost1] [info] ExtensionService#loadCommonJSModule /home/serii/.vscode/extensions/michelemelluso.code-beautifier-1.7.2/out/src/extension
[2018-03-10 13:46:10.946] [exthost1] [info] eager extensions activated
[2018-03-10 13:46:10.952] [exthost1] [info] ExtensionService#_doActivateExtension vscode.html {"startup":false,"activationEvent":"onLanguage:html"}
[2018-03-10 13:46:10.952] [exthost1] [info] ExtensionService#loadCommonJSModule /usr/share/code/resources/app/extensions/html/client/out/htmlMain
[2018-03-10 13:48:32.195] [exthost1] [info] ExtensionService#_doActivateExtension vscode.css {"startup":false,"activationEvent":"onLanguage:scss"}
[2018-03-10 13:48:32.195] [exthost1] [info] ExtensionService#loadCommonJSModule /usr/share/code/resources/app/extensions/css/client/out/cssMain
[2018-03-10 13:48:32.316] [exthost1] [info] ExtensionService#_doActivateExtension mrmlnc.vscode-scss {"startup":false,"activationEvent":"onLanguage:scss"}
[2018-03-10 13:48:32.316] [exthost1] [info] ExtensionService#loadCommonJSModule /home/serii/.vscode/extensions/mrmlnc.vscode-scss-0.6.2/out/client.js
[2018-03-10 13:50:59.338] [exthost1] [info] ExtensionService#_doActivateExtension vscode.configuration-editing {"startup":false,"activationEvent":"onLanguage:jsonc"}
[2018-03-10 13:50:59.338] [exthost1] [info] ExtensionService#loadCommonJSModule /usr/share/code/resources/app/extensions/configuration-editing/out/extension
[2018-03-10 13:50:59.361] [exthost1] [info] ExtensionService#_doActivateExtension vscode.json {"startup":false,"activationEvent":"onLanguage:jsonc"}
[2018-03-10 13:50:59.363] [exthost1] [info] ExtensionService#loadCommonJSModule /usr/share/code/resources/app/extensions/json/client/out/jsonMain
