[2018-03-10 10:08:15.173] [exthost1] [info] extension host started
[2018-03-10 10:08:15.270] [exthost1] [info] ExtensionService#_doActivateExtension vscode.emmet {"startup":true,"activationEvent":"*"}
[2018-03-10 10:08:15.270] [exthost1] [info] ExtensionService#loadCommonJSModule /usr/share/code/resources/app/extensions/emmet/out/extension
[2018-03-10 10:08:15.462] [exthost1] [info] ExtensionService#_doActivateExtension vscode.git {"startup":true,"activationEvent":"*"}
[2018-03-10 10:08:15.462] [exthost1] [info] ExtensionService#loadCommonJSModule /usr/share/code/resources/app/extensions/git/out/main
[2018-03-10 10:08:15.752] [exthost1] [info] ExtensionService#_doActivateExtension vscode.merge-conflict {"startup":true,"activationEvent":"*"}
[2018-03-10 10:08:15.752] [exthost1] [info] ExtensionService#loadCommonJSModule /usr/share/code/resources/app/extensions/merge-conflict/out/extension
[2018-03-10 10:08:15.790] [exthost1] [info] eager extensions activated
[2018-03-10 10:09:20.499] [exthost1] [info] extension host started
[2018-03-10 10:09:20.544] [exthost1] [info] ExtensionService#_doActivateExtension vscode.emmet {"startup":true,"activationEvent":"*"}
[2018-03-10 10:09:20.544] [exthost1] [info] ExtensionService#loadCommonJSModule /usr/share/code/resources/app/extensions/emmet/out/extension
[2018-03-10 10:09:20.662] [exthost1] [info] ExtensionService#_doActivateExtension vscode.git {"startup":true,"activationEvent":"*"}
[2018-03-10 10:09:20.662] [exthost1] [info] ExtensionService#loadCommonJSModule /usr/share/code/resources/app/extensions/git/out/main
[2018-03-10 10:09:20.878] [exthost1] [info] ExtensionService#_doActivateExtension vscode.merge-conflict {"startup":true,"activationEvent":"*"}
[2018-03-10 10:09:20.878] [exthost1] [info] ExtensionService#loadCommonJSModule /usr/share/code/resources/app/extensions/merge-conflict/out/extension
[2018-03-10 10:09:20.909] [exthost1] [info] eager extensions activated
[2018-03-10 10:10:09.118] [exthost1] [info] ExtensionService#_doActivateExtension vscode.css {"startup":false,"activationEvent":"onLanguage:scss"}
[2018-03-10 10:10:09.119] [exthost1] [info] ExtensionService#loadCommonJSModule /usr/share/code/resources/app/extensions/css/client/out/cssMain
[2018-03-10 10:20:33.010] [exthost1] [info] extension host started
[2018-03-10 10:20:33.053] [exthost1] [info] ExtensionService#_doActivateExtension vscode.emmet {"startup":true,"activationEvent":"*"}
[2018-03-10 10:20:33.053] [exthost1] [info] ExtensionService#loadCommonJSModule /usr/share/code/resources/app/extensions/emmet/out/extension
[2018-03-10 10:20:33.169] [exthost1] [info] ExtensionService#_doActivateExtension vscode.git {"startup":true,"activationEvent":"*"}
[2018-03-10 10:20:33.169] [exthost1] [info] ExtensionService#loadCommonJSModule /usr/share/code/resources/app/extensions/git/out/main
[2018-03-10 10:20:33.396] [exthost1] [info] ExtensionService#_doActivateExtension vscode.merge-conflict {"startup":true,"activationEvent":"*"}
[2018-03-10 10:20:33.396] [exthost1] [info] ExtensionService#loadCommonJSModule /usr/share/code/resources/app/extensions/merge-conflict/out/extension
[2018-03-10 10:20:33.422] [exthost1] [info] ExtensionService#_doActivateExtension esbenp.prettier-vscode {"startup":true,"activationEvent":"*"}
[2018-03-10 10:20:33.422] [exthost1] [info] ExtensionService#loadCommonJSModule /home/serii/.vscode/extensions/esbenp.prettier-vscode-1.2.2/out/src/extension
[2018-03-10 10:20:33.749] [exthost1] [info] ExtensionService#_doActivateExtension michelemelluso.code-beautifier {"startup":true,"activationEvent":"*"}
[2018-03-10 10:20:33.749] [exthost1] [info] ExtensionService#loadCommonJSModule /home/serii/.vscode/extensions/michelemelluso.code-beautifier-1.7.2/out/src/extension
[2018-03-10 10:20:33.785] [exthost1] [info] eager extensions activated
[2018-03-10 10:20:33.824] [exthost1] [info] ExtensionService#_doActivateExtension vscode.css {"startup":false,"activationEvent":"onLanguage:scss"}
[2018-03-10 10:20:33.824] [exthost1] [info] ExtensionService#loadCommonJSModule /usr/share/code/resources/app/extensions/css/client/out/cssMain
[2018-03-10 10:23:09.028] [exthost1] [info] ExtensionService#_doActivateExtension vscode.configuration-editing {"startup":false,"activationEvent":"onLanguage:jsonc"}
[2018-03-10 10:23:09.028] [exthost1] [info] ExtensionService#loadCommonJSModule /usr/share/code/resources/app/extensions/configuration-editing/out/extension
[2018-03-10 10:23:09.050] [exthost1] [info] ExtensionService#_doActivateExtension vscode.json {"startup":false,"activationEvent":"onLanguage:jsonc"}
[2018-03-10 10:23:09.050] [exthost1] [info] ExtensionService#loadCommonJSModule /usr/share/code/resources/app/extensions/json/client/out/jsonMain
