[2018-03-10 10:08:11.020] [sharedprocess] [info] main {"machineId":"49890f74ca6acc2b50c01271a5f87007eea0109525f7d6e5ff66096cac1b45ff"}
[2018-03-10 10:08:11.070] [sharedprocess] [info] Scanned user extensions: 0
[2018-03-10 10:08:11.179] [sharedprocess] [info] Scanned system extensions: 65
[2018-03-10 10:08:14.543] [sharedprocess] [info] Scanned user extensions: 0
[2018-03-10 10:08:14.558] [sharedprocess] [info] Scanned user extensions: 0
[2018-03-10 10:08:14.589] [sharedprocess] [info] Scanned user extensions: 0
[2018-03-10 10:08:14.873] [sharedprocess] [info] Scanned system extensions: 65
[2018-03-10 10:08:14.877] [sharedprocess] [info] Scanned system extensions: 65
[2018-03-10 10:08:17.565] [sharedprocess] [info] Scanned user extensions: 0
[2018-03-10 10:08:51.035] [sharedprocess] [info] Starting to clean up unused language packs.
[2018-03-10 10:09:20.108] [sharedprocess] [info] Scanned user extensions: 0
[2018-03-10 10:09:20.114] [sharedprocess] [info] Scanned user extensions: 0
[2018-03-10 10:09:20.128] [sharedprocess] [info] Scanned user extensions: 0
[2018-03-10 10:09:20.276] [sharedprocess] [info] Scanned system extensions: 65
[2018-03-10 10:09:20.283] [sharedprocess] [info] Scanned system extensions: 65
[2018-03-10 10:09:22.621] [sharedprocess] [info] Scanned user extensions: 0
[2018-03-10 10:09:41.904] [sharedprocess] [info] Scanned user extensions: 0
[2018-03-10 10:09:41.909] [sharedprocess] [info] Scanned user extensions: 0
[2018-03-10 10:09:41.918] [sharedprocess] [info] Scanned user extensions: 0
[2018-03-10 10:09:42.020] [sharedprocess] [info] Scanned system extensions: 65
[2018-03-10 10:09:42.024] [sharedprocess] [info] Scanned system extensions: 65
[2018-03-10 10:14:22.731] [sharedprocess] [info] Scanned user extensions: 0
[2018-03-10 10:14:44.118] [sharedprocess] [info] Scanned user extensions: 0
[2018-03-10 10:14:44.124] [sharedprocess] [info] Scanned user extensions: 0
[2018-03-10 10:14:44.128] [sharedprocess] [info] Scanned user extensions: 0
[2018-03-10 10:14:44.224] [sharedprocess] [info] Scanned system extensions: 65
[2018-03-10 10:14:44.230] [sharedprocess] [info] Scanned system extensions: 65
[2018-03-10 10:14:44.287] [sharedprocess] [info] Scanned user extensions: 0
[2018-03-10 10:14:44.335] [sharedprocess] [info] Scanned system extensions: 65
[2018-03-10 10:14:49.317] [sharedprocess] [info] Scanned user extensions: 0
[2018-03-10 10:14:49.322] [sharedprocess] [info] Scanned user extensions: 0
[2018-03-10 10:14:49.389] [sharedprocess] [info] Scanned system extensions: 65
[2018-03-10 10:14:49.395] [sharedprocess] [info] Scanned system extensions: 65
[2018-03-10 10:15:44.575] [sharedprocess] [info] Installing extension: prettier-vscode
[2018-03-10 10:15:46.512] [sharedprocess] [info] Downloaded extension: prettier-vscode
[2018-03-10 10:16:00.076] [sharedprocess] [info] Extracted extension to /home/serii/.vscode/extensions/esbenp.prettier-vscode-1.2.2: esbenp.prettier-vscode-1.2.2
[2018-03-10 10:16:00.172] [sharedprocess] [info] Updated metadata of the extension: esbenp.prettier-vscode-1.2.2
[2018-03-10 10:16:00.173] [sharedprocess] [info] Extensions installed successfully: esbenp.prettier-vscode
[2018-03-10 10:16:00.356] [sharedprocess] [info] Scanned user extensions: 1
[2018-03-10 10:16:00.399] [sharedprocess] [info] Scanned system extensions: 65
[2018-03-10 10:19:22.766] [sharedprocess] [info] Scanned user extensions: 1
[2018-03-10 10:20:06.149] [sharedprocess] [info] Installing extension: code-beautifier
[2018-03-10 10:20:07.135] [sharedprocess] [info] Downloaded extension: code-beautifier
[2018-03-10 10:20:07.796] [sharedprocess] [info] Extracted extension to /home/serii/.vscode/extensions/michelemelluso.code-beautifier-1.7.2: michelemelluso.code-beautifier-1.7.2
[2018-03-10 10:20:07.841] [sharedprocess] [info] Updated metadata of the extension: michelemelluso.code-beautifier-1.7.2
[2018-03-10 10:20:07.842] [sharedprocess] [info] Extensions installed successfully: michelemelluso.code-beautifier
[2018-03-10 10:20:08.012] [sharedprocess] [info] Scanned user extensions: 2
[2018-03-10 10:20:08.075] [sharedprocess] [info] Scanned system extensions: 65
[2018-03-10 10:20:31.884] [sharedprocess] [info] Scanned user extensions: 2
[2018-03-10 10:20:31.885] [sharedprocess] [info] Scanned user extensions: 2
[2018-03-10 10:20:31.886] [sharedprocess] [info] Scanned user extensions: 2
[2018-03-10 10:20:31.903] [sharedprocess] [info] Scanned user extensions: 2
[2018-03-10 10:20:31.906] [sharedprocess] [info] Scanned user extensions: 2
[2018-03-10 10:20:32.005] [sharedprocess] [info] Scanned system extensions: 65
[2018-03-10 10:20:32.011] [sharedprocess] [info] Scanned system extensions: 65
[2018-03-10 10:20:32.016] [sharedprocess] [info] Scanned system extensions: 65
[2018-03-10 10:20:35.234] [sharedprocess] [info] Scanned user extensions: 2
[2018-03-10 10:25:35.350] [sharedprocess] [info] Scanned user extensions: 2
[2018-03-10 10:30:35.368] [sharedprocess] [info] Scanned user extensions: 2
[2018-03-10 10:35:35.383] [sharedprocess] [info] Scanned user extensions: 2
[2018-03-10 10:38:08.164] [sharedprocess] [info] Installing extension: sass-indented
[2018-03-10 10:38:09.123] [sharedprocess] [info] Downloaded extension: sass-indented
[2018-03-10 10:38:09.179] [sharedprocess] [info] Extracted extension to /home/serii/.vscode/extensions/robinbentley.sass-indented-1.4.8: robinbentley.sass-indented-1.4.8
[2018-03-10 10:38:09.221] [sharedprocess] [info] Updated metadata of the extension: robinbentley.sass-indented-1.4.8
[2018-03-10 10:38:09.224] [sharedprocess] [info] Extensions installed successfully: robinbentley.sass-indented
[2018-03-10 10:38:09.387] [sharedprocess] [info] Scanned user extensions: 3
[2018-03-10 10:38:09.434] [sharedprocess] [info] Scanned system extensions: 65
[2018-03-10 10:38:39.416] [sharedprocess] [info] Installing extension: vscode-scss
[2018-03-10 10:38:40.359] [sharedprocess] [info] Downloaded extension: vscode-scss
[2018-03-10 10:38:41.124] [sharedprocess] [info] Extracted extension to /home/serii/.vscode/extensions/mrmlnc.vscode-scss-0.6.2: mrmlnc.vscode-scss-0.6.2
[2018-03-10 10:38:41.204] [sharedprocess] [info] Updated metadata of the extension: mrmlnc.vscode-scss-0.6.2
[2018-03-10 10:38:41.205] [sharedprocess] [info] Extensions installed successfully: mrmlnc.vscode-scss
[2018-03-10 10:38:41.365] [sharedprocess] [info] Scanned user extensions: 4
[2018-03-10 10:38:41.408] [sharedprocess] [info] Scanned system extensions: 65
[2018-03-10 10:39:03.769] [sharedprocess] [info] Scanned user extensions: 4
[2018-03-10 10:39:03.770] [sharedprocess] [info] Scanned user extensions: 4
[2018-03-10 10:39:03.839] [sharedprocess] [info] Scanned system extensions: 65
[2018-03-10 10:39:03.843] [sharedprocess] [info] Scanned system extensions: 65
[2018-03-10 10:39:12.744] [sharedprocess] [info] Scanned user extensions: 4
[2018-03-10 10:39:12.745] [sharedprocess] [info] Uninstalling extension: robinbentley.sass-indented-1.4.8
[2018-03-10 10:39:12.746] [sharedprocess] [info] Requesting for confirmation to uninstall extension robinbentley.sass-indented-1.4.8
[2018-03-10 10:39:12.746] [sharedprocess] [info] Routing choice request to the client window:1
[2018-03-10 10:39:14.091] [sharedprocess] [info] Successfully uninstalled extension: robinbentley.sass-indented-1.4.8
[2018-03-10 10:39:14.474] [sharedprocess] [info] Scanned user extensions: 3
[2018-03-10 10:39:14.479] [sharedprocess] [info] Scanned system extensions: 65
[2018-03-10 10:39:30.279] [sharedprocess] [info] Installing extension: path-intellisense
[2018-03-10 10:39:31.138] [sharedprocess] [info] Downloaded extension: path-intellisense
[2018-03-10 10:39:31.244] [sharedprocess] [info] Extracted extension to /home/serii/.vscode/extensions/christian-kohler.path-intellisense-1.4.2: christian-kohler.path-intellisense-1.4.2
[2018-03-10 10:39:31.293] [sharedprocess] [info] Updated metadata of the extension: christian-kohler.path-intellisense-1.4.2
[2018-03-10 10:39:31.293] [sharedprocess] [info] Extensions installed successfully: christian-kohler.path-intellisense
[2018-03-10 10:39:31.506] [sharedprocess] [info] Scanned user extensions: 4
[2018-03-10 10:39:31.516] [sharedprocess] [info] Scanned system extensions: 65
[2018-03-10 10:40:11.400] [sharedprocess] [info] Installing extension: project-manager
[2018-03-10 10:40:12.213] [sharedprocess] [info] Downloaded extension: project-manager
[2018-03-10 10:40:12.356] [sharedprocess] [info] Extracted extension to /home/serii/.vscode/extensions/alefragnani.project-manager-0.24.1: alefragnani.project-manager-0.24.1
[2018-03-10 10:40:12.396] [sharedprocess] [info] Updated metadata of the extension: alefragnani.project-manager-0.24.1
[2018-03-10 10:40:12.396] [sharedprocess] [info] Extensions installed successfully: alefragnani.project-manager
[2018-03-10 10:40:12.623] [sharedprocess] [info] Scanned user extensions: 5
[2018-03-10 10:40:12.625] [sharedprocess] [info] Scanned system extensions: 65
[2018-03-10 10:40:35.436] [sharedprocess] [info] Scanned user extensions: 5
[2018-03-10 10:41:27.090] [sharedprocess] [info] Installing extension: code-settings-sync
[2018-03-10 10:41:28.077] [sharedprocess] [info] Downloaded extension: code-settings-sync
[2018-03-10 10:41:30.182] [sharedprocess] [info] Extracted extension to /home/serii/.vscode/extensions/Shan.code-settings-sync-2.9.0: Shan.code-settings-sync-2.9.0
[2018-03-10 10:41:30.257] [sharedprocess] [info] Updated metadata of the extension: Shan.code-settings-sync-2.9.0
[2018-03-10 10:41:30.257] [sharedprocess] [info] Extensions installed successfully: Shan.code-settings-sync
[2018-03-10 10:41:30.466] [sharedprocess] [info] Scanned user extensions: 6
[2018-03-10 10:41:30.469] [sharedprocess] [info] Scanned system extensions: 65
[2018-03-10 10:42:29.237] [sharedprocess] [info] Scanned user extensions: 6
[2018-03-10 10:42:29.238] [sharedprocess] [info] Uninstalling extension: Shan.code-settings-sync-2.9.0
[2018-03-10 10:42:29.238] [sharedprocess] [info] Requesting for confirmation to uninstall extension Shan.code-settings-sync-2.9.0
[2018-03-10 10:42:29.238] [sharedprocess] [info] Routing choice request to the client window:1
[2018-03-10 10:42:30.819] [sharedprocess] [info] Successfully uninstalled extension: Shan.code-settings-sync-2.9.0
[2018-03-10 10:42:31.236] [sharedprocess] [info] Scanned user extensions: 5
[2018-03-10 10:42:31.252] [sharedprocess] [info] Scanned system extensions: 65
[2018-03-10 10:43:39.959] [sharedprocess] [info] Installing extension: vscode-jumpy
[2018-03-10 10:43:40.852] [sharedprocess] [info] Downloaded extension: vscode-jumpy
[2018-03-10 10:43:40.916] [sharedprocess] [info] Extracted extension to /home/serii/.vscode/extensions/wmaurer.vscode-jumpy-0.3.1: wmaurer.vscode-jumpy-0.3.1
[2018-03-10 10:43:40.945] [sharedprocess] [info] Updated metadata of the extension: wmaurer.vscode-jumpy-0.3.1
[2018-03-10 10:43:40.945] [sharedprocess] [info] Extensions installed successfully: wmaurer.vscode-jumpy
[2018-03-10 10:43:41.146] [sharedprocess] [info] Scanned user extensions: 6
[2018-03-10 10:43:41.153] [sharedprocess] [info] Scanned system extensions: 65
[2018-03-10 10:43:45.535] [sharedprocess] [info] Scanned user extensions: 6
[2018-03-10 10:43:45.605] [sharedprocess] [info] Scanned user extensions: 6
[2018-03-10 10:43:45.628] [sharedprocess] [info] Scanned system extensions: 65
[2018-03-10 10:43:45.632] [sharedprocess] [info] Scanned system extensions: 65
[2018-03-10 10:43:45.636] [sharedprocess] [info] Scanned system extensions: 65
[2018-03-10 10:43:45.675] [sharedprocess] [info] Scanned user extensions: 6
[2018-03-10 10:43:45.717] [sharedprocess] [info] Scanned user extensions: 6
[2018-03-10 10:43:45.767] [sharedprocess] [info] Scanned user extensions: 6
[2018-03-10 10:43:49.084] [sharedprocess] [info] Scanned user extensions: 6
[2018-03-10 10:48:49.179] [sharedprocess] [info] Scanned user extensions: 6
[2018-03-10 10:53:49.262] [sharedprocess] [info] Scanned user extensions: 6
[2018-03-10 10:58:49.356] [sharedprocess] [info] Scanned user extensions: 6
[2018-03-10 11:03:49.410] [sharedprocess] [info] Scanned user extensions: 6
[2018-03-10 11:08:49.639] [sharedprocess] [info] Scanned user extensions: 6
[2018-03-10 11:13:49.696] [sharedprocess] [info] Scanned user extensions: 6
[2018-03-10 11:18:49.760] [sharedprocess] [info] Scanned user extensions: 6
[2018-03-10 11:23:49.814] [sharedprocess] [info] Scanned user extensions: 6
[2018-03-10 11:28:49.864] [sharedprocess] [info] Scanned user extensions: 6
[2018-03-10 11:33:49.933] [sharedprocess] [info] Scanned user extensions: 6
[2018-03-10 11:38:49.980] [sharedprocess] [info] Scanned user extensions: 6
[2018-03-10 11:43:50.046] [sharedprocess] [info] Scanned user extensions: 6
[2018-03-10 11:48:50.104] [sharedprocess] [info] Scanned user extensions: 6
[2018-03-10 11:53:50.206] [sharedprocess] [info] Scanned user extensions: 6
[2018-03-10 11:58:50.267] [sharedprocess] [info] Scanned user extensions: 6
[2018-03-10 12:02:45.180] [sharedprocess] [info] Scanned system extensions: 65
[2018-03-10 12:02:45.191] [sharedprocess] [info] Scanned user extensions: 6
[2018-03-10 12:03:50.330] [sharedprocess] [info] Scanned user extensions: 6
[2018-03-10 12:08:50.586] [sharedprocess] [info] Scanned user extensions: 6
[2018-03-10 12:13:50.653] [sharedprocess] [info] Scanned user extensions: 6
[2018-03-10 12:14:50.110] [sharedprocess] [info] Scanned system extensions: 65
[2018-03-10 12:14:50.163] [sharedprocess] [info] Scanned user extensions: 6
[2018-03-10 12:14:50.214] [sharedprocess] [info] Scanned user extensions: 6
[2018-03-10 12:14:53.389] [sharedprocess] [info] Scanned user extensions: 6
[2018-03-10 12:19:53.559] [sharedprocess] [info] Scanned user extensions: 6
[2018-03-10 12:20:49.928] [sharedprocess] [info] Scanned user extensions: 6
[2018-03-10 12:20:49.980] [sharedprocess] [info] Scanned user extensions: 6
[2018-03-10 12:20:49.998] [sharedprocess] [info] Scanned system extensions: 65
[2018-03-10 12:20:50.004] [sharedprocess] [info] Scanned system extensions: 65
[2018-03-10 12:20:50.038] [sharedprocess] [info] Scanned user extensions: 6
[2018-03-10 12:24:53.618] [sharedprocess] [info] Scanned user extensions: 6
[2018-03-10 12:29:53.674] [sharedprocess] [info] Scanned user extensions: 6
[2018-03-10 12:34:53.728] [sharedprocess] [info] Scanned user extensions: 6
[2018-03-10 12:39:53.782] [sharedprocess] [info] Scanned user extensions: 6
[2018-03-10 12:44:53.858] [sharedprocess] [info] Scanned user extensions: 6
[2018-03-10 12:48:15.486] [sharedprocess] [info] Scanned user extensions: 6
[2018-03-10 12:48:15.495] [sharedprocess] [info] Scanned system extensions: 65
[2018-03-10 12:48:15.545] [sharedprocess] [info] Scanned user extensions: 6
[2018-03-10 12:48:18.824] [sharedprocess] [info] Scanned user extensions: 6
[2018-03-10 12:53:19.076] [sharedprocess] [info] Scanned user extensions: 6
[2018-03-10 12:56:28.994] [sharedprocess] [info] Scanned user extensions: 6
[2018-03-10 12:56:28.997] [sharedprocess] [info] Scanned system extensions: 65
[2018-03-10 12:56:29.045] [sharedprocess] [info] Scanned user extensions: 6
[2018-03-10 12:56:32.293] [sharedprocess] [info] Scanned user extensions: 6
